2026-06-22T16:52:46.522-04:00  INFO 17740 --- [ms-catalogo] [main] c.e.ms_catalogo.MsCatalogoApplication    : Starting MsCatalogoApplication using Java 21.0.10 with PID 17740 (C:\Users\GAMER\Downloads\MicroServicios-main\MicroServicios-main\ms-catalogo\target\classes started by GAMER in C:\Users\GAMER\Downloads\MicroServicios-main)
2026-06-22T16:52:46.531-04:00  INFO 17740 --- [ms-catalogo] [main] c.e.ms_catalogo.MsCatalogoApplication    : No active profile set, falling back to 1 default profile: "default"
2026-06-22T16:52:47.373-04:00  INFO 17740 --- [ms-catalogo] [main] .s.d.r.c.RepositoryConfigurationDelegate : Bootstrapping Spring Data JPA repositories in DEFAULT mode.
2026-06-22T16:52:47.485-04:00  INFO 17740 --- [ms-catalogo] [main] .s.d.r.c.RepositoryConfigurationDelegate : Finished Spring Data repository scanning in 104 ms. Found 1 JPA repository interface.
2026-06-22T16:52:47.697-04:00  INFO 17740 --- [ms-catalogo] [main] o.s.cloud.context.scope.GenericScope     : BeanFactory id=a1492dc9-65d3-31e2-ad56-12c5181ca130
2026-06-22T16:52:47.838-04:00  WARN 17740 --- [ms-catalogo] [main] trationDelegate$BeanPostProcessorChecker : Bean 'org.springframework.cloud.client.loadbalancer.LoadBalancerAutoConfiguration$DeferringLoadBalancerInterceptorConfig' of type [org.springframework.cloud.client.loadbalancer.LoadBalancerAutoConfiguration$DeferringLoadBalancerInterceptorConfig] is not eligible for getting processed by all BeanPostProcessors (for example: not eligible for auto-proxying). The currently created BeanPostProcessor [lbRestClientPostProcessor] is declared through a non-static factory method on that class; consider declaring it as static instead.
2026-06-22T16:52:47.840-04:00  WARN 17740 --- [ms-catalogo] [main] trationDelegate$BeanPostProcessorChecker : Bean 'deferringLoadBalancerInterceptor' of type [org.springframework.cloud.client.loadbalancer.DeferringLoadBalancerInterceptor] is not eligible for getting processed by all BeanPostProcessors (for example: not eligible for auto-proxying). Is this bean getting eagerly injected into a currently created BeanPostProcessor [lbRestClientPostProcessor]? Check the corresponding BeanPostProcessor declaration and its dependencies.
2026-06-22T16:52:48.078-04:00  INFO 17740 --- [ms-catalogo] [main] o.s.b.w.embedded.tomcat.TomcatWebServer  : Tomcat initialized with port 8083 (http)
2026-06-22T16:52:48.091-04:00  INFO 17740 --- [ms-catalogo] [main] o.apache.catalina.core.StandardService   : Starting service [Tomcat]
2026-06-22T16:52:48.091-04:00  INFO 17740 --- [ms-catalogo] [main] o.apache.catalina.core.StandardEngine    : Starting Servlet engine: [Apache Tomcat/10.1.20]
2026-06-22T16:52:48.172-04:00  INFO 17740 --- [ms-catalogo] [main] o.a.c.c.C.[Tomcat].[localhost].[/]       : Initializing Spring embedded WebApplicationContext
2026-06-22T16:52:48.173-04:00  INFO 17740 --- [ms-catalogo] [main] w.s.c.ServletWebServerApplicationContext : Root WebApplicationContext: initialization completed in 1601 ms
2026-06-22T16:52:48.276-04:00  INFO 17740 --- [ms-catalogo] [main] com.zaxxer.hikari.HikariDataSource       : HikariPool-1 - Starting...
2026-06-22T16:52:48.560-04:00  INFO 17740 --- [ms-catalogo] [main] com.zaxxer.hikari.pool.HikariPool        : HikariPool-1 - Added connection com.mysql.cj.jdbc.ConnectionImpl@53e93fb7
2026-06-22T16:52:48.562-04:00  INFO 17740 --- [ms-catalogo] [main] com.zaxxer.hikari.HikariDataSource       : HikariPool-1 - Start completed.
2026-06-22T16:52:48.644-04:00  INFO 17740 --- [ms-catalogo] [main] o.f.c.internal.license.VersionPrinter    : Flyway Community Edition 9.22.3 by Redgate
2026-06-22T16:52:48.644-04:00  INFO 17740 --- [ms-catalogo] [main] o.f.c.internal.license.VersionPrinter    : See release notes here: https://rd.gt/416ObMi
2026-06-22T16:52:48.644-04:00  INFO 17740 --- [ms-catalogo] [main] o.f.c.internal.license.VersionPrinter    : 
2026-06-22T16:52:48.653-04:00  INFO 17740 --- [ms-catalogo] [main] o.f.c.i.resource.ResourceNameValidator   : 1 SQL migrations were detected but not run because they did not follow the filename convention.
2026-06-22T16:52:48.653-04:00  INFO 17740 --- [ms-catalogo] [main] o.f.c.i.resource.ResourceNameValidator   : Set 'validateMigrationNaming' to true to fail fast and see a list of the invalid file names.
2026-06-22T16:52:48.662-04:00  INFO 17740 --- [ms-catalogo] [main] org.flywaydb.core.FlywayExecutor         : Database: jdbc:mysql://localhost:3306/db_catalogo (MySQL 8.0)
2026-06-22T16:52:48.693-04:00  INFO 17740 --- [ms-catalogo] [main] o.f.c.i.s.JdbcTableSchemaHistory         : Schema history table `db_catalogo`.`flyway_schema_history` does not exist yet
2026-06-22T16:52:48.695-04:00  INFO 17740 --- [ms-catalogo] [main] o.f.core.internal.command.DbValidate     : Successfully validated 0 migrations (execution time 00:00.013s)
2026-06-22T16:52:48.696-04:00  WARN 17740 --- [ms-catalogo] [main] o.f.core.internal.command.DbValidate     : No migrations found. Are your locations set up correctly?
2026-06-22T16:52:48.712-04:00  INFO 17740 --- [ms-catalogo] [main] o.f.c.i.s.JdbcTableSchemaHistory         : Creating Schema History table `db_catalogo`.`flyway_schema_history` ...
2026-06-22T16:52:48.781-04:00  INFO 17740 --- [ms-catalogo] [main] o.f.core.internal.command.DbMigrate      : Current version of schema `db_catalogo`: << Empty Schema >>
2026-06-22T16:52:48.785-04:00  INFO 17740 --- [ms-catalogo] [main] o.f.core.internal.command.DbMigrate      : Schema `db_catalogo` is up to date. No migration necessary.
2026-06-22T16:52:48.860-04:00  INFO 17740 --- [ms-catalogo] [main] o.hibernate.jpa.internal.util.LogHelper  : HHH000204: Processing PersistenceUnitInfo [name: default]
2026-06-22T16:52:48.916-04:00  INFO 17740 --- [ms-catalogo] [main] org.hibernate.Version                    : HHH000412: Hibernate ORM core version 6.4.4.Final
2026-06-22T16:52:48.947-04:00  INFO 17740 --- [ms-catalogo] [main] o.h.c.internal.RegionFactoryInitiator    : HHH000026: Second-level cache disabled
2026-06-22T16:52:49.127-04:00  INFO 17740 --- [ms-catalogo] [main] o.s.o.j.p.SpringPersistenceUnitInfo      : No LoadTimeWeaver setup: ignoring JPA class transformer
2026-06-22T16:52:49.694-04:00  INFO 17740 --- [ms-catalogo] [main] o.h.e.t.j.p.i.JtaPlatformInitiator       : HHH000489: No JTA platform available (set 'hibernate.transaction.jta.platform' to enable JTA platform integration)
2026-06-22T16:52:49.719-04:00 DEBUG 17740 --- [ms-catalogo] [main] org.hibernate.SQL                        : create table catalogo (id bigint not null auto_increment, categoria varchar(255), clasificacion varchar(255), juego_id bigint, plataforma varchar(255), primary key (id)) engine=InnoDB
2026-06-22T16:52:49.733-04:00  INFO 17740 --- [ms-catalogo] [main] j.LocalContainerEntityManagerFactoryBean : Initialized JPA EntityManagerFactory for persistence unit 'default'
2026-06-22T16:52:49.978-04:00  WARN 17740 --- [ms-catalogo] [main] JpaBaseConfiguration$JpaWebConfiguration : spring.jpa.open-in-view is enabled by default. Therefore, database queries may be performed during view rendering. Explicitly configure spring.jpa.open-in-view to disable this warning
2026-06-22T16:52:51.445-04:00  INFO 17740 --- [ms-catalogo] [main] o.s.cloud.commons.util.InetUtils         : Cannot determine local hostname
2026-06-22T16:52:52.468-04:00  INFO 17740 --- [ms-catalogo] [main] o.s.cloud.commons.util.InetUtils         : Cannot determine local hostname
2026-06-22T16:52:52.487-04:00  INFO 17740 --- [ms-catalogo] [main] DiscoveryClientOptionalArgsConfiguration : Eureka HTTP Client uses RestTemplate.
2026-06-22T16:52:52.520-04:00  WARN 17740 --- [ms-catalogo] [main] iguration$LoadBalancerCaffeineWarnLogger : Spring Cloud LoadBalancer is currently working with the default cache. While this cache implementation is useful for development and tests, it's recommended to use Caffeine cache in production.You can switch to using Caffeine cache, by adding it and org.springframework.cache.caffeine.CaffeineCacheManager to the classpath.
2026-06-22T16:52:52.554-04:00  INFO 17740 --- [ms-catalogo] [main] o.s.c.n.eureka.InstanceInfoFactory       : Setting initial instance status as: STARTING
2026-06-22T16:52:52.646-04:00  INFO 17740 --- [ms-catalogo] [main] com.netflix.discovery.DiscoveryClient    : Initializing Eureka in region us-east-1
2026-06-22T16:52:52.650-04:00  INFO 17740 --- [ms-catalogo] [main] c.n.d.s.r.aws.ConfigClusterResolver      : Resolving eureka endpoints via configuration
2026-06-22T16:52:52.668-04:00  INFO 17740 --- [ms-catalogo] [main] com.netflix.discovery.DiscoveryClient    : Disable delta property : false
2026-06-22T16:52:52.669-04:00  INFO 17740 --- [ms-catalogo] [main] com.netflix.discovery.DiscoveryClient    : Single vip registry refresh property : null
2026-06-22T16:52:52.669-04:00  INFO 17740 --- [ms-catalogo] [main] com.netflix.discovery.DiscoveryClient    : Force full registry fetch : false
2026-06-22T16:52:52.669-04:00  INFO 17740 --- [ms-catalogo] [main] com.netflix.discovery.DiscoveryClient    : Application is null : false
2026-06-22T16:52:52.669-04:00  INFO 17740 --- [ms-catalogo] [main] com.netflix.discovery.DiscoveryClient    : Registered Applications size is zero : true
2026-06-22T16:52:52.669-04:00  INFO 17740 --- [ms-catalogo] [main] com.netflix.discovery.DiscoveryClient    : Application version is -1: true
2026-06-22T16:52:52.669-04:00  INFO 17740 --- [ms-catalogo] [main] com.netflix.discovery.DiscoveryClient    : Getting all instance registry info from the eureka server
2026-06-22T16:52:52.908-04:00  INFO 17740 --- [ms-catalogo] [main] com.netflix.discovery.DiscoveryClient    : The response status is 200
2026-06-22T16:52:52.910-04:00  INFO 17740 --- [ms-catalogo] [main] com.netflix.discovery.DiscoveryClient    : Starting heartbeat executor: renew interval is: 30
2026-06-22T16:52:52.912-04:00  INFO 17740 --- [ms-catalogo] [main] c.n.discovery.InstanceInfoReplicator     : InstanceInfoReplicator onDemand update allowed rate per min is 4
2026-06-22T16:52:52.916-04:00  INFO 17740 --- [ms-catalogo] [main] com.netflix.discovery.DiscoveryClient    : Discovery Client initialized at timestamp 1782161572914 with initial instances count: 2
2026-06-22T16:52:52.918-04:00  INFO 17740 --- [ms-catalogo] [main] o.s.c.n.e.s.EurekaServiceRegistry        : Registering application MS-CATALOGO with eureka with status UP
2026-06-22T16:52:52.919-04:00  INFO 17740 --- [ms-catalogo] [main] com.netflix.discovery.DiscoveryClient    : Saw local status change event StatusChangeEvent [timestamp=1782161572919, current=UP, previous=STARTING]
2026-06-22T16:52:52.920-04:00  INFO 17740 --- [ms-catalogo] [DiscoveryClient-InstanceInfoReplicator-0] com.netflix.discovery.DiscoveryClient    : DiscoveryClient_MS-CATALOGO/localhost:ms-catalogo:8083: registering service...
2026-06-22T16:52:52.935-04:00  INFO 17740 --- [ms-catalogo] [main] o.s.b.w.embedded.tomcat.TomcatWebServer  : Tomcat started on port 8083 (http) with context path ''
2026-06-22T16:52:52.935-04:00  INFO 17740 --- [ms-catalogo] [main] .s.c.n.e.s.EurekaAutoServiceRegistration : Updating port to 8083
2026-06-22T16:52:52.948-04:00  INFO 17740 --- [ms-catalogo] [DiscoveryClient-InstanceInfoReplicator-0] com.netflix.discovery.DiscoveryClient    : DiscoveryClient_MS-CATALOGO/localhost:ms-catalogo:8083 - registration status: 204
2026-06-22T16:52:53.945-04:00  INFO 17740 --- [ms-catalogo] [main] o.s.cloud.commons.util.InetUtils         : Cannot determine local hostname
2026-06-22T16:52:53.952-04:00  INFO 17740 --- [ms-catalogo] [main] c.e.ms_catalogo.MsCatalogoApplication    : Started MsCatalogoApplication in 8.778 seconds (process running for 9.096)
2026-06-22T16:52:54.188-04:00 DEBUG 17740 --- [ms-catalogo] [main] org.hibernate.SQL                        : select count(*) from catalogo c1_0
2026-06-22T16:52:54.265-04:00 DEBUG 17740 --- [ms-catalogo] [main] org.hibernate.SQL                        : insert into catalogo (categoria,clasificacion,juego_id,plataforma) values (?,?,?,?)
2026-06-22T16:52:54.281-04:00 DEBUG 17740 --- [ms-catalogo] [main] org.hibernate.SQL                        : insert into catalogo (categoria,clasificacion,juego_id,plataforma) values (?,?,?,?)
2026-06-22T16:52:54.285-04:00 DEBUG 17740 --- [ms-catalogo] [main] org.hibernate.SQL                        : insert into catalogo (categoria,clasificacion,juego_id,plataforma) values (?,?,?,?)
2026-06-22T16:52:54.288-04:00 DEBUG 17740 --- [ms-catalogo] [main] org.hibernate.SQL                        : insert into catalogo (categoria,clasificacion,juego_id,plataforma) values (?,?,?,?)
2026-06-22T16:52:54.292-04:00 DEBUG 17740 --- [ms-catalogo] [main] org.hibernate.SQL                        : insert into catalogo (categoria,clasificacion,juego_id,plataforma) values (?,?,?,?)
2026-06-22T16:52:54.296-04:00 DEBUG 17740 --- [ms-catalogo] [main] org.hibernate.SQL                        : insert into catalogo (categoria,clasificacion,juego_id,plataforma) values (?,?,?,?)
2026-06-22T16:52:54.299-04:00 DEBUG 17740 --- [ms-catalogo] [main] org.hibernate.SQL                        : insert into catalogo (categoria,clasificacion,juego_id,plataforma) values (?,?,?,?)
2026-06-22T16:52:54.302-04:00 DEBUG 17740 --- [ms-catalogo] [main] org.hibernate.SQL                        : insert into catalogo (categoria,clasificacion,juego_id,plataforma) values (?,?,?,?)
2026-06-22T16:52:54.305-04:00 DEBUG 17740 --- [ms-catalogo] [main] org.hibernate.SQL                        : insert into catalogo (categoria,clasificacion,juego_id,plataforma) values (?,?,?,?)
2026-06-22T16:52:54.310-04:00 DEBUG 17740 --- [ms-catalogo] [main] org.hibernate.SQL                        : insert into catalogo (categoria,clasificacion,juego_id,plataforma) values (?,?,?,?)
2026-06-22T16:52:54.312-04:00 DEBUG 17740 --- [ms-catalogo] [main] org.hibernate.SQL                        : insert into catalogo (categoria,clasificacion,juego_id,plataforma) values (?,?,?,?)
2026-06-22T16:52:54.315-04:00 DEBUG 17740 --- [ms-catalogo] [main] org.hibernate.SQL                        : insert into catalogo (categoria,clasificacion,juego_id,plataforma) values (?,?,?,?)
2026-06-22T16:52:54.317-04:00 DEBUG 17740 --- [ms-catalogo] [main] org.hibernate.SQL                        : insert into catalogo (categoria,clasificacion,juego_id,plataforma) values (?,?,?,?)
2026-06-22T16:52:54.321-04:00 DEBUG 17740 --- [ms-catalogo] [main] org.hibernate.SQL                        : insert into catalogo (categoria,clasificacion,juego_id,plataforma) values (?,?,?,?)
2026-06-22T16:52:54.323-04:00 DEBUG 17740 --- [ms-catalogo] [main] org.hibernate.SQL                        : insert into catalogo (categoria,clasificacion,juego_id,plataforma) values (?,?,?,?)
2026-06-22T16:52:54.343-04:00 DEBUG 17740 --- [ms-catalogo] [main] org.hibernate.SQL                        : select c1_0.id,c1_0.categoria,c1_0.clasificacion,c1_0.juego_id,c1_0.plataforma from catalogo c1_0
2026-06-22T16:57:52.678-04:00  INFO 17740 --- [ms-catalogo] [AsyncResolver-bootstrap-executor-0] c.n.d.s.r.aws.ConfigClusterResolver      : Resolving eureka endpoints via configuration
