2026-06-22T16:53:37.030-04:00  INFO 16764 --- [ms-factorizacion] [main] c.e.m.MsFactorizacionApplication         : Starting MsFactorizacionApplication using Java 21.0.10 with PID 16764 (C:\Users\GAMER\Downloads\MicroServicios-main\MicroServicios-main\ms-factorizacion\target\classes started by GAMER in C:\Users\GAMER\Downloads\MicroServicios-main)
2026-06-22T16:53:37.031-04:00  INFO 16764 --- [ms-factorizacion] [main] c.e.m.MsFactorizacionApplication         : No active profile set, falling back to 1 default profile: "default"
2026-06-22T16:53:37.792-04:00  INFO 16764 --- [ms-factorizacion] [main] .s.d.r.c.RepositoryConfigurationDelegate : Bootstrapping Spring Data JPA repositories in DEFAULT mode.
2026-06-22T16:53:37.914-04:00  INFO 16764 --- [ms-factorizacion] [main] .s.d.r.c.RepositoryConfigurationDelegate : Finished Spring Data repository scanning in 113 ms. Found 1 JPA repository interface.
2026-06-22T16:53:38.129-04:00  INFO 16764 --- [ms-factorizacion] [main] o.s.cloud.context.scope.GenericScope     : BeanFactory id=2e9bc52a-99c2-3fdd-b2ec-73c8b7951366
2026-06-22T16:53:38.274-04:00  WARN 16764 --- [ms-factorizacion] [main] trationDelegate$BeanPostProcessorChecker : Bean 'org.springframework.cloud.client.loadbalancer.LoadBalancerAutoConfiguration$DeferringLoadBalancerInterceptorConfig' of type [org.springframework.cloud.client.loadbalancer.LoadBalancerAutoConfiguration$DeferringLoadBalancerInterceptorConfig] is not eligible for getting processed by all BeanPostProcessors (for example: not eligible for auto-proxying). The currently created BeanPostProcessor [lbRestClientPostProcessor] is declared through a non-static factory method on that class; consider declaring it as static instead.
2026-06-22T16:53:38.278-04:00  WARN 16764 --- [ms-factorizacion] [main] trationDelegate$BeanPostProcessorChecker : Bean 'deferringLoadBalancerInterceptor' of type [org.springframework.cloud.client.loadbalancer.DeferringLoadBalancerInterceptor] is not eligible for getting processed by all BeanPostProcessors (for example: not eligible for auto-proxying). Is this bean getting eagerly injected into a currently created BeanPostProcessor [lbRestClientPostProcessor]? Check the corresponding BeanPostProcessor declaration and its dependencies.
2026-06-22T16:53:38.515-04:00  INFO 16764 --- [ms-factorizacion] [main] o.s.b.w.embedded.tomcat.TomcatWebServer  : Tomcat initialized with port 8085 (http)
2026-06-22T16:53:38.526-04:00  INFO 16764 --- [ms-factorizacion] [main] o.apache.catalina.core.StandardService   : Starting service [Tomcat]
2026-06-22T16:53:38.526-04:00  INFO 16764 --- [ms-factorizacion] [main] o.apache.catalina.core.StandardEngine    : Starting Servlet engine: [Apache Tomcat/10.1.20]
2026-06-22T16:53:38.598-04:00  INFO 16764 --- [ms-factorizacion] [main] o.a.c.c.C.[Tomcat].[localhost].[/]       : Initializing Spring embedded WebApplicationContext
2026-06-22T16:53:38.598-04:00  INFO 16764 --- [ms-factorizacion] [main] w.s.c.ServletWebServerApplicationContext : Root WebApplicationContext: initialization completed in 1522 ms
2026-06-22T16:53:38.693-04:00  INFO 16764 --- [ms-factorizacion] [main] com.zaxxer.hikari.HikariDataSource       : HikariPool-1 - Starting...
2026-06-22T16:53:39.036-04:00  INFO 16764 --- [ms-factorizacion] [main] com.zaxxer.hikari.pool.HikariPool        : HikariPool-1 - Added connection com.mysql.cj.jdbc.ConnectionImpl@7493d937
2026-06-22T16:53:39.038-04:00  INFO 16764 --- [ms-factorizacion] [main] com.zaxxer.hikari.HikariDataSource       : HikariPool-1 - Start completed.
2026-06-22T16:53:39.108-04:00  INFO 16764 --- [ms-factorizacion] [main] o.f.c.internal.license.VersionPrinter    : Flyway Community Edition 9.22.3 by Redgate
2026-06-22T16:53:39.109-04:00  INFO 16764 --- [ms-factorizacion] [main] o.f.c.internal.license.VersionPrinter    : See release notes here: https://rd.gt/416ObMi
2026-06-22T16:53:39.109-04:00  INFO 16764 --- [ms-factorizacion] [main] o.f.c.internal.license.VersionPrinter    : 
2026-06-22T16:53:39.124-04:00  INFO 16764 --- [ms-factorizacion] [main] org.flywaydb.core.FlywayExecutor         : Database: jdbc:mysql://localhost:3306/db_factorizacion (MySQL 8.0)
2026-06-22T16:53:39.163-04:00  INFO 16764 --- [ms-factorizacion] [main] o.f.c.i.s.JdbcTableSchemaHistory         : Schema history table `db_factorizacion`.`flyway_schema_history` does not exist yet
2026-06-22T16:53:39.167-04:00  INFO 16764 --- [ms-factorizacion] [main] o.f.core.internal.command.DbValidate     : Successfully validated 1 migration (execution time 00:00.027s)
2026-06-22T16:53:39.188-04:00  INFO 16764 --- [ms-factorizacion] [main] o.f.c.i.s.JdbcTableSchemaHistory         : Creating Schema History table `db_factorizacion`.`flyway_schema_history` ...
2026-06-22T16:53:39.248-04:00  INFO 16764 --- [ms-factorizacion] [main] o.f.core.internal.command.DbMigrate      : Current version of schema `db_factorizacion`: << Empty Schema >>
2026-06-22T16:53:39.254-04:00  INFO 16764 --- [ms-factorizacion] [main] o.f.core.internal.command.DbMigrate      : Migrating schema `db_factorizacion` to version "1 - factura"
2026-06-22T16:53:39.285-04:00  INFO 16764 --- [ms-factorizacion] [main] o.f.core.internal.command.DbMigrate      : Successfully applied 1 migration to schema `db_factorizacion`, now at version v1 (execution time 00:00.016s)
2026-06-22T16:53:39.351-04:00  INFO 16764 --- [ms-factorizacion] [main] o.hibernate.jpa.internal.util.LogHelper  : HHH000204: Processing PersistenceUnitInfo [name: default]
2026-06-22T16:53:39.395-04:00  INFO 16764 --- [ms-factorizacion] [main] org.hibernate.Version                    : HHH000412: Hibernate ORM core version 6.4.4.Final
2026-06-22T16:53:39.424-04:00  INFO 16764 --- [ms-factorizacion] [main] o.h.c.internal.RegionFactoryInitiator    : HHH000026: Second-level cache disabled
2026-06-22T16:53:39.570-04:00  INFO 16764 --- [ms-factorizacion] [main] o.s.o.j.p.SpringPersistenceUnitInfo      : No LoadTimeWeaver setup: ignoring JPA class transformer
2026-06-22T16:53:40.126-04:00  INFO 16764 --- [ms-factorizacion] [main] o.h.e.t.j.p.i.JtaPlatformInitiator       : HHH000489: No JTA platform available (set 'hibernate.transaction.jta.platform' to enable JTA platform integration)
2026-06-22T16:53:40.152-04:00 DEBUG 16764 --- [ms-factorizacion] [main] org.hibernate.SQL                        : create table factorizacion (id bigint not null auto_increment, fecha_factura varchar(255), metodo_pago varchar(255), pago_id bigint, total integer not null, primary key (id)) engine=InnoDB
2026-06-22T16:53:40.167-04:00  INFO 16764 --- [ms-factorizacion] [main] j.LocalContainerEntityManagerFactoryBean : Initialized JPA EntityManagerFactory for persistence unit 'default'
2026-06-22T16:53:40.544-04:00  WARN 16764 --- [ms-factorizacion] [main] JpaBaseConfiguration$JpaWebConfiguration : spring.jpa.open-in-view is enabled by default. Therefore, database queries may be performed during view rendering. Explicitly configure spring.jpa.open-in-view to disable this warning
2026-06-22T16:53:41.587-04:00  INFO 16764 --- [ms-factorizacion] [main] o.s.cloud.commons.util.InetUtils         : Cannot determine local hostname
2026-06-22T16:53:43.086-04:00  INFO 16764 --- [ms-factorizacion] [main] o.s.cloud.commons.util.InetUtils         : Cannot determine local hostname
2026-06-22T16:53:43.101-04:00  INFO 16764 --- [ms-factorizacion] [main] DiscoveryClientOptionalArgsConfiguration : Eureka HTTP Client uses RestTemplate.
2026-06-22T16:53:43.123-04:00  WARN 16764 --- [ms-factorizacion] [main] iguration$LoadBalancerCaffeineWarnLogger : Spring Cloud LoadBalancer is currently working with the default cache. While this cache implementation is useful for development and tests, it's recommended to use Caffeine cache in production.You can switch to using Caffeine cache, by adding it and org.springframework.cache.caffeine.CaffeineCacheManager to the classpath.
2026-06-22T16:53:43.147-04:00  INFO 16764 --- [ms-factorizacion] [main] o.s.c.n.eureka.InstanceInfoFactory       : Setting initial instance status as: STARTING
2026-06-22T16:53:43.228-04:00  INFO 16764 --- [ms-factorizacion] [main] com.netflix.discovery.DiscoveryClient    : Initializing Eureka in region us-east-1
2026-06-22T16:53:43.232-04:00  INFO 16764 --- [ms-factorizacion] [main] c.n.d.s.r.aws.ConfigClusterResolver      : Resolving eureka endpoints via configuration
2026-06-22T16:53:43.250-04:00  INFO 16764 --- [ms-factorizacion] [main] com.netflix.discovery.DiscoveryClient    : Disable delta property : false
2026-06-22T16:53:43.251-04:00  INFO 16764 --- [ms-factorizacion] [main] com.netflix.discovery.DiscoveryClient    : Single vip registry refresh property : null
2026-06-22T16:53:43.251-04:00  INFO 16764 --- [ms-factorizacion] [main] com.netflix.discovery.DiscoveryClient    : Force full registry fetch : false
2026-06-22T16:53:43.251-04:00  INFO 16764 --- [ms-factorizacion] [main] com.netflix.discovery.DiscoveryClient    : Application is null : false
2026-06-22T16:53:43.251-04:00  INFO 16764 --- [ms-factorizacion] [main] com.netflix.discovery.DiscoveryClient    : Registered Applications size is zero : true
2026-06-22T16:53:43.251-04:00  INFO 16764 --- [ms-factorizacion] [main] com.netflix.discovery.DiscoveryClient    : Application version is -1: true
2026-06-22T16:53:43.251-04:00  INFO 16764 --- [ms-factorizacion] [main] com.netflix.discovery.DiscoveryClient    : Getting all instance registry info from the eureka server
2026-06-22T16:53:43.499-04:00  INFO 16764 --- [ms-factorizacion] [main] com.netflix.discovery.DiscoveryClient    : The response status is 200
2026-06-22T16:53:43.501-04:00  INFO 16764 --- [ms-factorizacion] [main] com.netflix.discovery.DiscoveryClient    : Starting heartbeat executor: renew interval is: 30
2026-06-22T16:53:43.503-04:00  INFO 16764 --- [ms-factorizacion] [main] c.n.discovery.InstanceInfoReplicator     : InstanceInfoReplicator onDemand update allowed rate per min is 4
2026-06-22T16:53:43.507-04:00  INFO 16764 --- [ms-factorizacion] [main] com.netflix.discovery.DiscoveryClient    : Discovery Client initialized at timestamp 1782161623506 with initial instances count: 4
2026-06-22T16:53:43.509-04:00  INFO 16764 --- [ms-factorizacion] [main] o.s.c.n.e.s.EurekaServiceRegistry        : Registering application MS-FACTORIZACION with eureka with status UP
2026-06-22T16:53:43.509-04:00  INFO 16764 --- [ms-factorizacion] [main] com.netflix.discovery.DiscoveryClient    : Saw local status change event StatusChangeEvent [timestamp=1782161623509, current=UP, previous=STARTING]
2026-06-22T16:53:43.511-04:00  INFO 16764 --- [ms-factorizacion] [DiscoveryClient-InstanceInfoReplicator-0] com.netflix.discovery.DiscoveryClient    : DiscoveryClient_MS-FACTORIZACION/localhost:ms-factorizacion:8085: registering service...
2026-06-22T16:53:43.529-04:00  INFO 16764 --- [ms-factorizacion] [main] o.s.b.w.embedded.tomcat.TomcatWebServer  : Tomcat started on port 8085 (http) with context path ''
2026-06-22T16:53:43.529-04:00  INFO 16764 --- [ms-factorizacion] [main] .s.c.n.e.s.EurekaAutoServiceRegistration : Updating port to 8085
2026-06-22T16:53:43.544-04:00  INFO 16764 --- [ms-factorizacion] [DiscoveryClient-InstanceInfoReplicator-0] com.netflix.discovery.DiscoveryClient    : DiscoveryClient_MS-FACTORIZACION/localhost:ms-factorizacion:8085 - registration status: 204
2026-06-22T16:53:44.535-04:00  INFO 16764 --- [ms-factorizacion] [main] o.s.cloud.commons.util.InetUtils         : Cannot determine local hostname
2026-06-22T16:53:44.543-04:00  INFO 16764 --- [ms-factorizacion] [main] c.e.m.MsFactorizacionApplication         : Started MsFactorizacionApplication in 8.921 seconds (process running for 9.246)
2026-06-22T16:53:44.751-04:00 DEBUG 16764 --- [ms-factorizacion] [main] org.hibernate.SQL                        : select count(*) from factorizacion f1_0
2026-06-22T16:53:44.803-04:00 DEBUG 16764 --- [ms-factorizacion] [main] org.hibernate.SQL                        : insert into factorizacion (fecha_factura,metodo_pago,pago_id,total) values (?,?,?,?)
2026-06-22T16:53:44.817-04:00 DEBUG 16764 --- [ms-factorizacion] [main] org.hibernate.SQL                        : insert into factorizacion (fecha_factura,metodo_pago,pago_id,total) values (?,?,?,?)
2026-06-22T16:53:44.822-04:00 DEBUG 16764 --- [ms-factorizacion] [main] org.hibernate.SQL                        : insert into factorizacion (fecha_factura,metodo_pago,pago_id,total) values (?,?,?,?)
2026-06-22T16:53:44.826-04:00 DEBUG 16764 --- [ms-factorizacion] [main] org.hibernate.SQL                        : insert into factorizacion (fecha_factura,metodo_pago,pago_id,total) values (?,?,?,?)
2026-06-22T16:53:44.830-04:00 DEBUG 16764 --- [ms-factorizacion] [main] org.hibernate.SQL                        : insert into factorizacion (fecha_factura,metodo_pago,pago_id,total) values (?,?,?,?)
2026-06-22T16:53:44.834-04:00 DEBUG 16764 --- [ms-factorizacion] [main] org.hibernate.SQL                        : insert into factorizacion (fecha_factura,metodo_pago,pago_id,total) values (?,?,?,?)
2026-06-22T16:53:44.837-04:00 DEBUG 16764 --- [ms-factorizacion] [main] org.hibernate.SQL                        : insert into factorizacion (fecha_factura,metodo_pago,pago_id,total) values (?,?,?,?)
2026-06-22T16:53:44.841-04:00 DEBUG 16764 --- [ms-factorizacion] [main] org.hibernate.SQL                        : insert into factorizacion (fecha_factura,metodo_pago,pago_id,total) values (?,?,?,?)
2026-06-22T16:53:44.844-04:00 DEBUG 16764 --- [ms-factorizacion] [main] org.hibernate.SQL                        : insert into factorizacion (fecha_factura,metodo_pago,pago_id,total) values (?,?,?,?)
2026-06-22T16:53:44.848-04:00 DEBUG 16764 --- [ms-factorizacion] [main] org.hibernate.SQL                        : insert into factorizacion (fecha_factura,metodo_pago,pago_id,total) values (?,?,?,?)
2026-06-22T16:53:44.852-04:00 DEBUG 16764 --- [ms-factorizacion] [main] org.hibernate.SQL                        : insert into factorizacion (fecha_factura,metodo_pago,pago_id,total) values (?,?,?,?)
2026-06-22T16:53:44.856-04:00 DEBUG 16764 --- [ms-factorizacion] [main] org.hibernate.SQL                        : insert into factorizacion (fecha_factura,metodo_pago,pago_id,total) values (?,?,?,?)
2026-06-22T16:53:44.859-04:00 DEBUG 16764 --- [ms-factorizacion] [main] org.hibernate.SQL                        : insert into factorizacion (fecha_factura,metodo_pago,pago_id,total) values (?,?,?,?)
2026-06-22T16:53:44.864-04:00 DEBUG 16764 --- [ms-factorizacion] [main] org.hibernate.SQL                        : insert into factorizacion (fecha_factura,metodo_pago,pago_id,total) values (?,?,?,?)
2026-06-22T16:53:44.867-04:00 DEBUG 16764 --- [ms-factorizacion] [main] org.hibernate.SQL                        : insert into factorizacion (fecha_factura,metodo_pago,pago_id,total) values (?,?,?,?)
2026-06-22T16:53:44.887-04:00 DEBUG 16764 --- [ms-factorizacion] [main] org.hibernate.SQL                        : select f1_0.id,f1_0.fecha_factura,f1_0.metodo_pago,f1_0.pago_id,f1_0.total from factorizacion f1_0
2026-06-22T16:58:43.257-04:00  INFO 16764 --- [ms-factorizacion] [AsyncResolver-bootstrap-executor-0] c.n.d.s.r.aws.ConfigClusterResolver      : Resolving eureka endpoints via configuration
