2026-06-22T16:54:28.294-04:00  INFO 5920 --- [ms-mod] [main] com.example.ms_mod.MsModApplication      : Starting MsModApplication using Java 21.0.10 with PID 5920 (C:\Users\GAMER\Downloads\MicroServicios-main\MicroServicios-main\ms-mod\target\classes started by GAMER in C:\Users\GAMER\Downloads\MicroServicios-main)
2026-06-22T16:54:28.296-04:00  INFO 5920 --- [ms-mod] [main] com.example.ms_mod.MsModApplication      : No active profile set, falling back to 1 default profile: "default"
2026-06-22T16:54:29.091-04:00  INFO 5920 --- [ms-mod] [main] .s.d.r.c.RepositoryConfigurationDelegate : Bootstrapping Spring Data JPA repositories in DEFAULT mode.
2026-06-22T16:54:29.217-04:00  INFO 5920 --- [ms-mod] [main] .s.d.r.c.RepositoryConfigurationDelegate : Finished Spring Data repository scanning in 118 ms. Found 1 JPA repository interface.
2026-06-22T16:54:29.429-04:00  INFO 5920 --- [ms-mod] [main] o.s.cloud.context.scope.GenericScope     : BeanFactory id=59a1349f-ce03-3ffe-82de-8a784e0970b3
2026-06-22T16:54:29.547-04:00  WARN 5920 --- [ms-mod] [main] trationDelegate$BeanPostProcessorChecker : Bean 'org.springframework.cloud.client.loadbalancer.LoadBalancerAutoConfiguration$DeferringLoadBalancerInterceptorConfig' of type [org.springframework.cloud.client.loadbalancer.LoadBalancerAutoConfiguration$DeferringLoadBalancerInterceptorConfig] is not eligible for getting processed by all BeanPostProcessors (for example: not eligible for auto-proxying). The currently created BeanPostProcessor [lbRestClientPostProcessor] is declared through a non-static factory method on that class; consider declaring it as static instead.
2026-06-22T16:54:29.549-04:00  WARN 5920 --- [ms-mod] [main] trationDelegate$BeanPostProcessorChecker : Bean 'deferringLoadBalancerInterceptor' of type [org.springframework.cloud.client.loadbalancer.DeferringLoadBalancerInterceptor] is not eligible for getting processed by all BeanPostProcessors (for example: not eligible for auto-proxying). Is this bean getting eagerly injected into a currently created BeanPostProcessor [lbRestClientPostProcessor]? Check the corresponding BeanPostProcessor declaration and its dependencies.
2026-06-22T16:54:29.783-04:00  INFO 5920 --- [ms-mod] [main] o.s.b.w.embedded.tomcat.TomcatWebServer  : Tomcat initialized with port 8087 (http)
2026-06-22T16:54:29.797-04:00  INFO 5920 --- [ms-mod] [main] o.apache.catalina.core.StandardService   : Starting service [Tomcat]
2026-06-22T16:54:29.798-04:00  INFO 5920 --- [ms-mod] [main] o.apache.catalina.core.StandardEngine    : Starting Servlet engine: [Apache Tomcat/10.1.20]
2026-06-22T16:54:29.874-04:00  INFO 5920 --- [ms-mod] [main] o.a.c.c.C.[Tomcat].[localhost].[/]       : Initializing Spring embedded WebApplicationContext
2026-06-22T16:54:29.874-04:00  INFO 5920 --- [ms-mod] [main] w.s.c.ServletWebServerApplicationContext : Root WebApplicationContext: initialization completed in 1538 ms
2026-06-22T16:54:29.958-04:00  INFO 5920 --- [ms-mod] [main] com.zaxxer.hikari.HikariDataSource       : HikariPool-1 - Starting...
2026-06-22T16:54:30.259-04:00  INFO 5920 --- [ms-mod] [main] com.zaxxer.hikari.pool.HikariPool        : HikariPool-1 - Added connection com.mysql.cj.jdbc.ConnectionImpl@40faff12
2026-06-22T16:54:30.261-04:00  INFO 5920 --- [ms-mod] [main] com.zaxxer.hikari.HikariDataSource       : HikariPool-1 - Start completed.
2026-06-22T16:54:30.332-04:00  INFO 5920 --- [ms-mod] [main] o.f.c.internal.license.VersionPrinter    : Flyway Community Edition 9.22.3 by Redgate
2026-06-22T16:54:30.334-04:00  INFO 5920 --- [ms-mod] [main] o.f.c.internal.license.VersionPrinter    : See release notes here: https://rd.gt/416ObMi
2026-06-22T16:54:30.334-04:00  INFO 5920 --- [ms-mod] [main] o.f.c.internal.license.VersionPrinter    : 
2026-06-22T16:54:30.348-04:00  INFO 5920 --- [ms-mod] [main] org.flywaydb.core.FlywayExecutor         : Database: jdbc:mysql://localhost:3306/db_mod (MySQL 8.0)
2026-06-22T16:54:30.379-04:00  INFO 5920 --- [ms-mod] [main] o.f.c.i.s.JdbcTableSchemaHistory         : Schema history table `db_mod`.`flyway_schema_history` does not exist yet
2026-06-22T16:54:30.383-04:00  INFO 5920 --- [ms-mod] [main] o.f.core.internal.command.DbValidate     : Successfully validated 1 migration (execution time 00:00.016s)
2026-06-22T16:54:30.403-04:00  INFO 5920 --- [ms-mod] [main] o.f.c.i.s.JdbcTableSchemaHistory         : Creating Schema History table `db_mod`.`flyway_schema_history` ...
2026-06-22T16:54:30.485-04:00  INFO 5920 --- [ms-mod] [main] o.f.core.internal.command.DbMigrate      : Current version of schema `db_mod`: << Empty Schema >>
2026-06-22T16:54:30.493-04:00  INFO 5920 --- [ms-mod] [main] o.f.core.internal.command.DbMigrate      : Migrating schema `db_mod` to version "1 - create table mods"
2026-06-22T16:54:30.534-04:00  INFO 5920 --- [ms-mod] [main] o.f.core.internal.command.DbMigrate      : Successfully applied 1 migration to schema `db_mod`, now at version v1 (execution time 00:00.018s)
2026-06-22T16:54:30.607-04:00  INFO 5920 --- [ms-mod] [main] o.hibernate.jpa.internal.util.LogHelper  : HHH000204: Processing PersistenceUnitInfo [name: default]
2026-06-22T16:54:30.660-04:00  INFO 5920 --- [ms-mod] [main] org.hibernate.Version                    : HHH000412: Hibernate ORM core version 6.4.4.Final
2026-06-22T16:54:30.689-04:00  INFO 5920 --- [ms-mod] [main] o.h.c.internal.RegionFactoryInitiator    : HHH000026: Second-level cache disabled
2026-06-22T16:54:30.881-04:00  INFO 5920 --- [ms-mod] [main] o.s.o.j.p.SpringPersistenceUnitInfo      : No LoadTimeWeaver setup: ignoring JPA class transformer
2026-06-22T16:54:31.488-04:00  INFO 5920 --- [ms-mod] [main] o.h.e.t.j.p.i.JtaPlatformInitiator       : HHH000489: No JTA platform available (set 'hibernate.transaction.jta.platform' to enable JTA platform integration)
2026-06-22T16:54:31.515-04:00 DEBUG 5920 --- [ms-mod] [main] org.hibernate.SQL                        : create table mods (id bigint not null auto_increment, aprobado bit not null, creador varchar(255), descripcion varchar(255), titulo varchar(255), version varchar(255), primary key (id)) engine=InnoDB
2026-06-22T16:54:31.529-04:00  INFO 5920 --- [ms-mod] [main] j.LocalContainerEntityManagerFactoryBean : Initialized JPA EntityManagerFactory for persistence unit 'default'
2026-06-22T16:54:31.846-04:00  WARN 5920 --- [ms-mod] [main] JpaBaseConfiguration$JpaWebConfiguration : spring.jpa.open-in-view is enabled by default. Therefore, database queries may be performed during view rendering. Explicitly configure spring.jpa.open-in-view to disable this warning
2026-06-22T16:54:33.247-04:00  INFO 5920 --- [ms-mod] [main] o.s.cloud.commons.util.InetUtils         : Cannot determine local hostname
2026-06-22T16:54:34.273-04:00  INFO 5920 --- [ms-mod] [main] o.s.cloud.commons.util.InetUtils         : Cannot determine local hostname
2026-06-22T16:54:34.293-04:00  INFO 5920 --- [ms-mod] [main] DiscoveryClientOptionalArgsConfiguration : Eureka HTTP Client uses RestTemplate.
2026-06-22T16:54:34.319-04:00  WARN 5920 --- [ms-mod] [main] iguration$LoadBalancerCaffeineWarnLogger : Spring Cloud LoadBalancer is currently working with the default cache. While this cache implementation is useful for development and tests, it's recommended to use Caffeine cache in production.You can switch to using Caffeine cache, by adding it and org.springframework.cache.caffeine.CaffeineCacheManager to the classpath.
2026-06-22T16:54:34.352-04:00  INFO 5920 --- [ms-mod] [main] o.s.c.n.eureka.InstanceInfoFactory       : Setting initial instance status as: STARTING
2026-06-22T16:54:34.437-04:00  INFO 5920 --- [ms-mod] [main] com.netflix.discovery.DiscoveryClient    : Initializing Eureka in region us-east-1
2026-06-22T16:54:34.441-04:00  INFO 5920 --- [ms-mod] [main] c.n.d.s.r.aws.ConfigClusterResolver      : Resolving eureka endpoints via configuration
2026-06-22T16:54:34.460-04:00  INFO 5920 --- [ms-mod] [main] com.netflix.discovery.DiscoveryClient    : Disable delta property : false
2026-06-22T16:54:34.461-04:00  INFO 5920 --- [ms-mod] [main] com.netflix.discovery.DiscoveryClient    : Single vip registry refresh property : null
2026-06-22T16:54:34.461-04:00  INFO 5920 --- [ms-mod] [main] com.netflix.discovery.DiscoveryClient    : Force full registry fetch : false
2026-06-22T16:54:34.461-04:00  INFO 5920 --- [ms-mod] [main] com.netflix.discovery.DiscoveryClient    : Application is null : false
2026-06-22T16:54:34.461-04:00  INFO 5920 --- [ms-mod] [main] com.netflix.discovery.DiscoveryClient    : Registered Applications size is zero : true
2026-06-22T16:54:34.461-04:00  INFO 5920 --- [ms-mod] [main] com.netflix.discovery.DiscoveryClient    : Application version is -1: true
2026-06-22T16:54:34.461-04:00  INFO 5920 --- [ms-mod] [main] com.netflix.discovery.DiscoveryClient    : Getting all instance registry info from the eureka server
2026-06-22T16:54:34.720-04:00  INFO 5920 --- [ms-mod] [main] com.netflix.discovery.DiscoveryClient    : The response status is 200
2026-06-22T16:54:34.722-04:00  INFO 5920 --- [ms-mod] [main] com.netflix.discovery.DiscoveryClient    : Starting heartbeat executor: renew interval is: 30
2026-06-22T16:54:34.727-04:00  INFO 5920 --- [ms-mod] [main] c.n.discovery.InstanceInfoReplicator     : InstanceInfoReplicator onDemand update allowed rate per min is 4
2026-06-22T16:54:34.732-04:00  INFO 5920 --- [ms-mod] [main] com.netflix.discovery.DiscoveryClient    : Discovery Client initialized at timestamp 1782161674731 with initial instances count: 6
2026-06-22T16:54:34.734-04:00  INFO 5920 --- [ms-mod] [main] o.s.c.n.e.s.EurekaServiceRegistry        : Registering application MS-MOD with eureka with status UP
2026-06-22T16:54:34.735-04:00  INFO 5920 --- [ms-mod] [main] com.netflix.discovery.DiscoveryClient    : Saw local status change event StatusChangeEvent [timestamp=1782161674735, current=UP, previous=STARTING]
2026-06-22T16:54:34.736-04:00  INFO 5920 --- [ms-mod] [DiscoveryClient-InstanceInfoReplicator-0] com.netflix.discovery.DiscoveryClient    : DiscoveryClient_MS-MOD/localhost:ms-mod:8087: registering service...
2026-06-22T16:54:34.752-04:00  INFO 5920 --- [ms-mod] [main] o.s.b.w.embedded.tomcat.TomcatWebServer  : Tomcat started on port 8087 (http) with context path ''
2026-06-22T16:54:34.753-04:00  INFO 5920 --- [ms-mod] [main] .s.c.n.e.s.EurekaAutoServiceRegistration : Updating port to 8087
2026-06-22T16:54:34.766-04:00  INFO 5920 --- [ms-mod] [DiscoveryClient-InstanceInfoReplicator-0] com.netflix.discovery.DiscoveryClient    : DiscoveryClient_MS-MOD/localhost:ms-mod:8087 - registration status: 204
2026-06-22T16:54:35.766-04:00  INFO 5920 --- [ms-mod] [main] o.s.cloud.commons.util.InetUtils         : Cannot determine local hostname
2026-06-22T16:54:35.774-04:00  INFO 5920 --- [ms-mod] [main] com.example.ms_mod.MsModApplication      : Started MsModApplication in 8.868 seconds (process running for 9.19)
2026-06-22T16:54:35.981-04:00 DEBUG 5920 --- [ms-mod] [main] org.hibernate.SQL                        : select count(*) from mods m1_0
2026-06-22T16:54:36.145-04:00 DEBUG 5920 --- [ms-mod] [main] org.hibernate.SQL                        : insert into mods (aprobado,creador,descripcion,titulo,version) values (?,?,?,?,?)
2026-06-22T16:54:36.159-04:00 DEBUG 5920 --- [ms-mod] [main] org.hibernate.SQL                        : insert into mods (aprobado,creador,descripcion,titulo,version) values (?,?,?,?,?)
2026-06-22T16:54:36.164-04:00 DEBUG 5920 --- [ms-mod] [main] org.hibernate.SQL                        : insert into mods (aprobado,creador,descripcion,titulo,version) values (?,?,?,?,?)
2026-06-22T16:54:36.168-04:00 DEBUG 5920 --- [ms-mod] [main] org.hibernate.SQL                        : insert into mods (aprobado,creador,descripcion,titulo,version) values (?,?,?,?,?)
2026-06-22T16:54:36.172-04:00 DEBUG 5920 --- [ms-mod] [main] org.hibernate.SQL                        : insert into mods (aprobado,creador,descripcion,titulo,version) values (?,?,?,?,?)
2026-06-22T16:54:36.176-04:00 DEBUG 5920 --- [ms-mod] [main] org.hibernate.SQL                        : insert into mods (aprobado,creador,descripcion,titulo,version) values (?,?,?,?,?)
2026-06-22T16:54:36.179-04:00 DEBUG 5920 --- [ms-mod] [main] org.hibernate.SQL                        : insert into mods (aprobado,creador,descripcion,titulo,version) values (?,?,?,?,?)
2026-06-22T16:54:36.182-04:00 DEBUG 5920 --- [ms-mod] [main] org.hibernate.SQL                        : insert into mods (aprobado,creador,descripcion,titulo,version) values (?,?,?,?,?)
2026-06-22T16:54:36.186-04:00 DEBUG 5920 --- [ms-mod] [main] org.hibernate.SQL                        : insert into mods (aprobado,creador,descripcion,titulo,version) values (?,?,?,?,?)
2026-06-22T16:54:36.189-04:00 DEBUG 5920 --- [ms-mod] [main] org.hibernate.SQL                        : insert into mods (aprobado,creador,descripcion,titulo,version) values (?,?,?,?,?)
2026-06-22T16:54:36.194-04:00 DEBUG 5920 --- [ms-mod] [main] org.hibernate.SQL                        : insert into mods (aprobado,creador,descripcion,titulo,version) values (?,?,?,?,?)
2026-06-22T16:54:36.197-04:00 DEBUG 5920 --- [ms-mod] [main] org.hibernate.SQL                        : insert into mods (aprobado,creador,descripcion,titulo,version) values (?,?,?,?,?)
2026-06-22T16:54:36.201-04:00 DEBUG 5920 --- [ms-mod] [main] org.hibernate.SQL                        : insert into mods (aprobado,creador,descripcion,titulo,version) values (?,?,?,?,?)
2026-06-22T16:54:36.205-04:00 DEBUG 5920 --- [ms-mod] [main] org.hibernate.SQL                        : insert into mods (aprobado,creador,descripcion,titulo,version) values (?,?,?,?,?)
2026-06-22T16:54:36.208-04:00 DEBUG 5920 --- [ms-mod] [main] org.hibernate.SQL                        : insert into mods (aprobado,creador,descripcion,titulo,version) values (?,?,?,?,?)
2026-06-22T16:54:36.224-04:00 DEBUG 5920 --- [ms-mod] [main] org.hibernate.SQL                        : select m1_0.id,m1_0.aprobado,m1_0.creador,m1_0.descripcion,m1_0.titulo,m1_0.version from mods m1_0
2026-06-22T16:59:34.475-04:00  INFO 5920 --- [ms-mod] [AsyncResolver-bootstrap-executor-0] c.n.d.s.r.aws.ConfigClusterResolver      : Resolving eureka endpoints via configuration
